<?xml version="1.0" encoding="UTF-8"?>
<!-- Generated by org.testng.reporters.JUnitReportReporter -->
<testsuite name="com.makaan.Test.City_PYR" tests="1" failures="0" timestamp="19 Apr 2016 06:24:35 GMT" time="0.009" errors="0">
  <testcase name="ValidateDB" time="0.009" classname="com.makaan.Test.City_PYR"/>
</testsuite> <!-- com.makaan.Test.City_PYR -->
