<?xml version="1.0" encoding="UTF-8"?>
<!-- Generated by org.testng.reporters.JUnitReportReporter -->
<testsuite name="com.makaan.Test.LoginTest" tests="1" failures="0" timestamp="27 Apr 2016 13:23:58 GMT" time="3.278" errors="0">
  <testcase name="ValidateForm" time="3.278" classname="com.makaan.Test.LoginTest"/>
</testsuite> <!-- com.makaan.Test.LoginTest -->
