<?xml version="1.0" encoding="UTF-8"?>
<!-- Generated by org.testng.reporters.JUnitReportReporter -->
<testsuite name="com.makaan.Test.LoginTest" tests="2" failures="0" timestamp="4 May 2016 10:32:52 GMT" time="12.970" errors="0">
  <testcase name="ValidateMakaanLogin" time="9.755" classname="com.makaan.Test.LoginTest"/>
  <testcase name="ValidateLoginButton" time="3.215" classname="com.makaan.Test.LoginTest"/>
</testsuite> <!-- com.makaan.Test.LoginTest -->
