<?xml version="1.0" encoding="UTF-8"?>
<!-- Generated by org.testng.reporters.JUnitReportReporter -->
<testsuite name="com.makaan.Test.Call_Now_Test" tests="2" failures="0" timestamp="20 Apr 2016 07:10:19 GMT" time="11.000" errors="0">
  <testcase name="ValidateDB" time="3.835" classname="com.makaan.Test.Call_Now_Test"/>
  <testcase name="ValidateForm" time="7.165" classname="com.makaan.Test.Call_Now_Test"/>
</testsuite> <!-- com.makaan.Test.Call_Now_Test -->
